E:\KuGou\Bgm - 又是下雨天 - 我叫 Mt 第三集.mp3
E:\KuGou\Departures - 罪恶王冠.mp3
E:\KuGou\F.I.R - 爱过.mp3
E:\KuGou\Ina - Suddenly.mp3
E:\KuGou\Never Had A Dream Come True.mp3
E:\KuGou\Sum 41 - Pieces.mp3
E:\KuGou\Sweety - When I Have A Dream.mp3
E:\KuGou\阿 Vane 寂静森林.mp3
E:\KuGou\白婧 - 醒了.mp3
E:\KuGou\白婧-我很好.mp3
E:\KuGou\不怕痛.mp3
E:\KuGou\不是不想.mp3
E:\KuGou\蔡淳佳 - 不透光.mp3
E:\KuGou\蔡淳佳 - 庆幸有你爱我.mp3
E:\KuGou\蔡健雅 - 记念 - 电影 玻璃之脑 中文主题曲.mp3
E:\KuGou\曾沛慈 - 一个人想着一个人 - Cd 完整版.mp3
E:\KuGou\陈芳语 - 爱你.mp3
E:\KuGou\陈绮贞 - 告诉我.mp3
E:\KuGou\陈思涵 - 泪狂奔.mp3
E:\KuGou\陈韦伶 - 最后一片枫叶.mp3
E:\KuGou\陈彦妃 - 最美丽的谎言.mp3
E:\KuGou\陈奕迅 - 孤独患者.mp3
E:\KuGou\陈奕迅 - 好久不见.mp3
E:\KuGou\陈予新 - 只是当时已惘然.mp3
E:\KuGou\邓颖芝 - 这样就好.mp3
E:\KuGou\东来东往 - 我知道.mp3
E:\KuGou\杜雯媞 - 空白世界.mp3
E:\KuGou\对味.mp3
E:\KuGou\范晓萱 - 回忆.mp3
E:\KuGou\放下.mp3
E:\KuGou\龚柯允 - In Love Again.mp3
E:\KuGou\龚诗嘉 - 远远在一起.mp3
E:\KuGou\郭静 - 放下.mp3
E:\KuGou\害怕爱上你.mp3
E:\KuGou\黑色毛衣.mp3
E:\KuGou\洪辰 - 眼泪太年轻.mp3
E:\KuGou\黄龄 - 一个人想你.mp3
E:\KuGou\回音哥 - 芊芊.mp3
E:\KuGou\彗星的眼泪.mp3
E:\KuGou\悸动.mp3
E:\KuGou\寂寞河流.mp3
E:\KuGou\交杯酒.mp3
E:\KuGou\金莎 - 画中仙.mp3
E:\KuGou\梁静茹 - 别人的天长地久.mp3
E:\KuGou\梁静茹 - 纯真.mp3
E:\KuGou\梁静茹 - 给还没有遇见的你.mp3
E:\KuGou\梁静茹 - 接受.mp3
E:\KuGou\梁静茹 - 情书.mp3
E:\KuGou\梁静茹 - 如果能在一起.mp3
E:\KuGou\梁静茹 - 生命中不可承受的轻.mp3
E:\KuGou\梁静茹 - 我是真的爱你.mp3
E:\KuGou\梁静茹 - 掌声响起来.mp3
E:\KuGou\梁静茹 - 这就是生活.mp3
E:\KuGou\梁心颐 - 不敢哭.mp3
E:\KuGou\林凡 - 你还在.mp3
E:\KuGou\林凡 - 缺口.mp3
E:\KuGou\林凡 - 痛痒.mp3
E:\KuGou\林晓培 - 心动.mp3
E:\KuGou\林依霖 - 完美的离开.mp3
E:\KuGou\刘惜君 - 我只在乎你.mp3
E:\KuGou\卢广仲 - 不想去远方.mp3
E:\KuGou\罗美玲 - 爱情走过以后.mp3
E:\KuGou\没有你的明天.mp3
E:\KuGou\梦.mp3
E:\KuGou\梦千年之恋.mp3
E:\KuGou\迷失终点.mp3
E:\KuGou\棉花糖 - 女孩.mp3
E:\KuGou\莫熙儿 - 刺猬效应.mp3
E:\KuGou\暮光.mp3
E:\KuGou\那么骄傲.mp3
E:\KuGou\南拳妈妈 - 2号餐 - Angel's Hero.mp3
E:\KuGou\南拳妈妈 - 牡丹江.mp3
E:\KuGou\南拳妈妈 - 人鱼的眼泪 - 成名曲.mp3
E:\KuGou\你不能爱我.mp3
E:\KuGou\你的心呢.mp3
E:\KuGou\牛奶咖啡 - 城市的天空.mp3
E:\KuGou\潘嘉丽 - 限时的遗忘.mp3
E:\KuGou\陪你到世界的终结.mp3
E:\KuGou\七朵花 - 迷宫.mp3
E:\KuGou\七朵花 - 我只想要.mp3
E:\KuGou\戚薇 - 爱情自有天意.mp3
E:\KuGou\悄然走开.mp3
E:\KuGou\情画.mp3
E:\KuGou\任然 - 那年.mp3
E:\KuGou\任然 - 轻松.mp3
E:\KuGou\任然 - 世界之外.mp3
E:\KuGou\任然 - 我不会假装.mp3
E:\KuGou\任然 - 我不想说.mp3
E:\KuGou\任然 - 疑心病.mp3
E:\KuGou\任然 - 最傻的傻瓜 - 高质量.mp3
E:\KuGou\如果那天没有遇见你.mp3
E:\KuGou\如果你真爱我.mp3
E:\KuGou\商东茜 - 躲雨.mp3
E:\KuGou\石进 - 一个人的时光.mp3
E:\KuGou\时光机.mp3
E:\KuGou\谁动了我的琴弦.mp3
E:\KuGou\说了再见.mp3
E:\KuGou\苏打绿 - 喜欢寂寞.mp3
E:\KuGou\苏州河（慕容雪 国语版）.mp3
E:\KuGou\孙燕姿 - 当冬夜渐暖.mp3
E:\KuGou\孙燕姿 - 开始懂了.mp3
E:\KuGou\孙燕姿 - 天黑黑.mp3
E:\KuGou\孙燕姿 - 同类.mp3
E:\KuGou\孙燕姿 - 我不难过.mp3
E:\KuGou\孙燕姿 - 我的爱.mp3
E:\KuGou\谭维维 - 害怕爱上你.mp3
E:\KuGou\糖兄妹 - 留不下来.mp3
E:\KuGou\天边的眷恋.mp3
E:\KuGou\田馥甄 - My Love.mp3
E:\KuGou\田馥甄 - 你.mp3
E:\KuGou\田馥甄 - 情歌.mp3
E:\KuGou\田馥甄 - 叶子.mp3
E:\KuGou\庭竹 - 冷夜.mp3
E:\KuGou\突然想爱你.mp3
E:\KuGou\汪思妍 - 某一天.mp3
E:\KuGou\汪思妍 - 我还爱你.mp3
E:\KuGou\王熹蛮 - 喵了个咪的回忆.mp3
E:\KuGou\微笑阳光.mp3
E:\KuGou\我爱你那么多.mp3
E:\KuGou\我会更勇敢.mp3
E:\KuGou\我叫 Mt 第二季第五集插曲 同行.mp3
E:\KuGou\吴若希 - 我不会伤心.mp3
E:\KuGou\五月天 - 超人.mp3
E:\KuGou\五月天 - 你不是真正的快乐.mp3
E:\KuGou\夕颜葬 翘翘.mp3
E:\KuGou\夏后 - 我们就到这.mp3
E:\KuGou\夏后 - 胭花笑.mp3
E:\KuGou\巷雨.mp3
E:\KuGou\萧亚轩 - 冲动.mp3
E:\KuGou\谢沛恩 - 两个人都有孤独的勇气.mp3
E:\KuGou\幸福的可能.mp3
E:\KuGou\徐颢菲 - 风色幻想.mp3
E:\KuGou\许慧欣 - 两个人的下雪天.mp3
E:\KuGou\许慧欣 - 一个人唱歌.mp3
E:\KuGou\薛凯琪 - 希望.mp3
E:\KuGou\眼泪太年轻.mp3
E:\KuGou\姚斯婷 - 不要说抱歉.mp3
E:\KuGou\姚斯婷 - 雨人.mp3
E:\KuGou\一句话.mp3
E:\KuGou\一切如新.mp3
E:\KuGou\樱桃帮 - 庭院.mp3
E:\KuGou\泳儿 - 认错.mp3
E:\KuGou\泳儿 - 眼泪不快乐.mp3
E:\KuGou\遇见.mp3
E:\KuGou\原味 - 黛眉.mp3
E:\KuGou\原味 - 唐三彩.mp3
E:\KuGou\月牙湾.mp3
E:\KuGou\泽野弘之 Release My Soul.mp3
E:\KuGou\张惠妹 - 解脱.mp3
E:\KuGou\这种爱.mp3
E:\KuGou\周杰伦 - 花海.mp3
E:\KuGou\周杰伦 - 明明就.mp3
E:\KuGou\周杰伦 - 哪里都是你.mp3
E:\KuGou\周杰伦 - 世界末日.mp3
E:\KuGou\周杰伦 - 蜗牛.mp3
E:\KuGou\周明璟 - 遗憾.mp3
E:\KuGou\转泪点.mp3
E:\KuGou\卓文萱 - 一秒也好.mp3
E:\KuGou\最后的航班.mp3
E:\KuGou\最后一片枫叶.mp3
E:\KuGou\罪恶王冠拔剑神曲 Ios 完整版.mp3
F:\KuGou\Gala - 追梦赤子心.mp3
